[INFO]-[2018/03/21 15:00:04] DB Copy: Creating table wpstg0_commentmeta like wp_commentmeta
[INFO]-[2018/03/21 15:00:04] DB Copy: Creating table wpstg0_comments like wp_comments
[INFO]-[2018/03/21 15:00:04] DB Copy: wp_comments as wpstg0_comments between 0 to 5000 records
[INFO]-[2018/03/21 15:00:04] DB Copy: Creating table wpstg0_links like wp_links
[INFO]-[2018/03/21 15:00:04] DB Copy: Creating table wpstg0_options like wp_options
[INFO]-[2018/03/21 15:00:04] DB Copy: wp_options as wpstg0_options between 0 to 5000 records
[INFO]-[2018/03/21 15:00:04] DB Copy: Creating table wpstg0_postmeta like wp_postmeta
[INFO]-[2018/03/21 15:00:04] DB Copy: wp_postmeta as wpstg0_postmeta between 0 to 5000 records
[INFO]-[2018/03/21 15:00:04] DB Copy: Creating table wpstg0_posts like wp_posts
[INFO]-[2018/03/21 15:00:04] DB Copy: wp_posts as wpstg0_posts between 0 to 5000 records
[INFO]-[2018/03/21 15:00:04] DB Copy: Creating table wpstg0_term_relationships like wp_term_relationships
[INFO]-[2018/03/21 15:00:04] DB Copy: wp_term_relationships as wpstg0_term_relationships between 0 to 5000 records
[INFO]-[2018/03/21 15:00:04] DB Copy: Creating table wpstg0_term_taxonomy like wp_term_taxonomy
[INFO]-[2018/03/21 15:00:04] DB Copy: wp_term_taxonomy as wpstg0_term_taxonomy between 0 to 5000 records
[INFO]-[2018/03/21 15:00:04] DB Copy: Creating table wpstg0_termmeta like wp_termmeta
[INFO]-[2018/03/21 15:00:04] DB Copy: Creating table wpstg0_terms like wp_terms
[INFO]-[2018/03/21 15:00:05] DB Copy: wp_terms as wpstg0_terms between 0 to 5000 records
[INFO]-[2018/03/21 15:00:05] DB Copy: Creating table wpstg0_usermeta like wp_usermeta
[INFO]-[2018/03/21 15:00:05] DB Copy: wp_usermeta as wpstg0_usermeta between 0 to 5000 records
[INFO]-[2018/03/21 15:00:05] DB Copy: Creating table wpstg0_users like wp_users
[INFO]-[2018/03/21 15:00:05] DB Copy: wp_users as wpstg0_users between 0 to 5000 records
[INFO]-[2018/03/21 15:00:04] DB Copy: Creating table wpstg0_commentmeta like wp_commentmeta
[INFO]-[2018/03/21 15:00:04] DB Copy: Creating table wpstg0_comments like wp_comments
[INFO]-[2018/03/21 15:00:04] DB Copy: wp_comments as wpstg0_comments between 0 to 5000 records
[INFO]-[2018/03/21 15:00:04] DB Copy: Creating table wpstg0_links like wp_links
[INFO]-[2018/03/21 15:00:04] DB Copy: Creating table wpstg0_options like wp_options
[INFO]-[2018/03/21 15:00:04] DB Copy: wp_options as wpstg0_options between 0 to 5000 records
[INFO]-[2018/03/21 15:00:04] DB Copy: Creating table wpstg0_postmeta like wp_postmeta
[INFO]-[2018/03/21 15:00:04] DB Copy: wp_postmeta as wpstg0_postmeta between 0 to 5000 records
[INFO]-[2018/03/21 15:00:04] DB Copy: Creating table wpstg0_posts like wp_posts
[INFO]-[2018/03/21 15:00:04] DB Copy: wp_posts as wpstg0_posts between 0 to 5000 records
[INFO]-[2018/03/21 15:00:04] DB Copy: Creating table wpstg0_term_relationships like wp_term_relationships
[INFO]-[2018/03/21 15:00:04] DB Copy: wp_term_relationships as wpstg0_term_relationships between 0 to 5000 records
[INFO]-[2018/03/21 15:00:04] DB Copy: Creating table wpstg0_term_taxonomy like wp_term_taxonomy
[INFO]-[2018/03/21 15:00:04] DB Copy: wp_term_taxonomy as wpstg0_term_taxonomy between 0 to 5000 records
[INFO]-[2018/03/21 15:00:04] DB Copy: Creating table wpstg0_termmeta like wp_termmeta
[INFO]-[2018/03/21 15:00:04] DB Copy: Creating table wpstg0_terms like wp_terms
[INFO]-[2018/03/21 15:00:05] DB Copy: wp_terms as wpstg0_terms between 0 to 5000 records
[INFO]-[2018/03/21 15:00:05] DB Copy: Creating table wpstg0_usermeta like wp_usermeta
[INFO]-[2018/03/21 15:00:05] DB Copy: wp_usermeta as wpstg0_usermeta between 0 to 5000 records
[INFO]-[2018/03/21 15:00:05] DB Copy: Creating table wpstg0_users like wp_users
[INFO]-[2018/03/21 15:00:05] DB Copy: wp_users as wpstg0_users between 0 to 5000 records
[]-[] 
[]-[] 
[INFO]-[2018/03/21 15:00:09] Scanning /Users/rajatamatya/dev/website/legends/ for its sub-directories and files
[INFO]-[2018/03/21 15:00:09] Scanning /Users/rajatamatya/dev/website/legends/ for its sub-directories and files
[INFO]-[2018/03/21 15:00:11] Scanning wp-content/upgrade for its sub-directories and files
[INFO]-[2018/03/21 15:00:11] Scanning wp-content/upgrade for its sub-directories and files
[INFO]-[2018/03/21 15:00:13] Scanning /Users/rajatamatya/dev/website/legends/wp-includes/ for its sub-directories and files
[INFO]-[2018/03/21 15:00:13] Scanning /Users/rajatamatya/dev/website/legends/wp-includes/ for its sub-directories and files
[INFO]-[2018/03/21 15:00:15] Scanning /Users/rajatamatya/dev/website/legends/wp-admin/ for its sub-directories and files
[INFO]-[2018/03/21 15:00:15] Scanning /Users/rajatamatya/dev/website/legends/wp-admin/ for its sub-directories and files
[INFO]-[2018/03/21 15:00:17] Copying files...
[INFO]-[2018/03/21 15:00:17] Skipping file by rule: /Users/rajatamatya/dev/website/legends/.DS_Store
[INFO]-[2018/03/21 15:00:17] Skipping file by rule: /Users/rajatamatya/dev/website/legends/.htaccess
[INFO]-[2018/03/21 15:00:18] Total 50 files processed
[INFO]-[2018/03/21 15:00:18] Total 100 files processed
[INFO]-[2018/03/21 15:00:18] Total 150 files processed
[INFO]-[2018/03/21 15:00:18] Total 200 files processed
[INFO]-[2018/03/21 15:00:18] Total 250 files processed
[INFO]-[2018/03/21 15:00:18] Total 300 files processed
[INFO]-[2018/03/21 15:00:18] Total 350 files processed
[INFO]-[2018/03/21 15:00:18] Total 400 files processed
[INFO]-[2018/03/21 15:00:18] Total 450 files processed
[INFO]-[2018/03/21 15:00:18] Total 500 files processed
[INFO]-[2018/03/21 15:00:18] Total 550 files processed
[INFO]-[2018/03/21 15:00:19] Total 600 files processed
[INFO]-[2018/03/21 15:00:19] Total 650 files processed
[INFO]-[2018/03/21 15:00:19] Total 700 files processed
[INFO]-[2018/03/21 15:00:19] Total 750 files processed
[INFO]-[2018/03/21 15:00:19] Total 800 files processed
[INFO]-[2018/03/21 15:00:19] Total 850 files processed
[INFO]-[2018/03/21 15:00:19] Total 900 files processed
[INFO]-[2018/03/21 15:00:19] Total 950 files processed
[INFO]-[2018/03/21 15:00:19] Total 1000 files processed
[INFO]-[2018/03/21 15:00:19] Total 1050 files processed
[INFO]-[2018/03/21 15:00:19] Skipping file by rule: /Users/rajatamatya/dev/website/legends/wp-content/uploads/wp-staging/logs/stagingnxt.log
[INFO]-[2018/03/21 15:00:19] Trying to copy big file: /Users/rajatamatya/dev/website/legends/wp-content/updraft/backup_2018-03-21-1420_Legends_Of_Tomorrow_af44991e88a8-themes.zip -> /Users/rajatamatya/dev/website/legends/stagingnxt/wp-content/updraft/backup_2018-03-21-1420_Legends_Of_Tomorrow_af44991e88a8-themes.zip
[INFO]-[2018/03/21 15:00:20] Skipping big file: /Users/rajatamatya/dev/website/legends/wp-content/updraft/backup_2018-03-21-1420_Legends_Of_Tomorrow_af44991e88a8-plugins.zip
[INFO]-[2018/03/21 15:00:20] Skipping file by rule: /Users/rajatamatya/dev/website/legends/wp-content/updraft/.htaccess
[INFO]-[2018/03/21 15:00:20] Skipping file by rule: /Users/rajatamatya/dev/website/legends/wp-content/backupwordpress-7e1ae1dc27-backups/.htaccess
[INFO]-[2018/03/21 15:00:20] Skipping big file: /Users/rajatamatya/dev/website/legends/wp-content/ai1wm-backups/localhost-legends-20180321-140928-773.wpress
[INFO]-[2018/03/21 15:00:20] Skipping file by rule: /Users/rajatamatya/dev/website/legends/wp-content/ai1wm-backups/.htaccess
[INFO]-[2018/03/21 15:00:20] Total 1100 files processed
[INFO]-[2018/03/21 15:00:20] Total 1150 files processed
[INFO]-[2018/03/21 15:00:20] Total 1200 files processed
[INFO]-[2018/03/21 15:00:20] Total 1250 files processed
[INFO]-[2018/03/21 15:00:20] Total 1300 files processed
[INFO]-[2018/03/21 15:00:20] Total 1350 files processed
[INFO]-[2018/03/21 15:00:20] Total 1400 files processed
[INFO]-[2018/03/21 15:00:20] Total 1450 files processed
[INFO]-[2018/03/21 15:00:20] Total 1500 files processed
[INFO]-[2018/03/21 15:00:20] Total 1550 files processed
[INFO]-[2018/03/21 15:00:21] Total 1600 files processed
[INFO]-[2018/03/21 15:00:21] Total 1650 files processed
[INFO]-[2018/03/21 15:00:21] Total 1700 files processed
[INFO]-[2018/03/21 15:00:21] Total 1750 files processed
[INFO]-[2018/03/21 15:00:21] Total 1800 files processed
[INFO]-[2018/03/21 15:00:21] Total 1850 files processed
[INFO]-[2018/03/21 15:00:22] Total 1900 files processed
[INFO]-[2018/03/21 15:00:22] Total 1950 files processed
[INFO]-[2018/03/21 15:00:22] Total 2000 files processed
[INFO]-[2018/03/21 15:00:22] Total 2050 files processed
[INFO]-[2018/03/21 15:00:22] Total 2100 files processed
[INFO]-[2018/03/21 15:00:22] Total 2150 files processed
[INFO]-[2018/03/21 15:00:22] Total 2200 files processed
[INFO]-[2018/03/21 15:00:22] Total 2250 files processed
[INFO]-[2018/03/21 15:00:22] Total 2300 files processed
[INFO]-[2018/03/21 15:00:23] Total 2350 files processed
[INFO]-[2018/03/21 15:00:23] Total 2400 files processed
[INFO]-[2018/03/21 15:00:23] Total 2450 files processed
[INFO]-[2018/03/21 15:00:23] Total 2500 files processed
[INFO]-[2018/03/21 15:00:23] Total 2550 files processed
[INFO]-[2018/03/21 15:00:23] Total 2600 files processed
[INFO]-[2018/03/21 15:00:23] Total 2650 files processed
[INFO]-[2018/03/21 15:00:23] Total 2700 files processed
[INFO]-[2018/03/21 15:00:23] Total 2750 files processed
[INFO]-[2018/03/21 15:00:17] Copying files...
[INFO]-[2018/03/21 15:00:17] Skipping file by rule: /Users/rajatamatya/dev/website/legends/.DS_Store
[INFO]-[2018/03/21 15:00:17] Skipping file by rule: /Users/rajatamatya/dev/website/legends/.htaccess
[INFO]-[2018/03/21 15:00:18] Total 50 files processed
[INFO]-[2018/03/21 15:00:18] Total 100 files processed
[INFO]-[2018/03/21 15:00:18] Total 150 files processed
[INFO]-[2018/03/21 15:00:18] Total 200 files processed
[INFO]-[2018/03/21 15:00:18] Total 250 files processed
[INFO]-[2018/03/21 15:00:18] Total 300 files processed
[INFO]-[2018/03/21 15:00:18] Total 350 files processed
[INFO]-[2018/03/21 15:00:18] Total 400 files processed
[INFO]-[2018/03/21 15:00:18] Total 450 files processed
[INFO]-[2018/03/21 15:00:18] Total 500 files processed
[INFO]-[2018/03/21 15:00:18] Total 550 files processed
[INFO]-[2018/03/21 15:00:19] Total 600 files processed
[INFO]-[2018/03/21 15:00:19] Total 650 files processed
[INFO]-[2018/03/21 15:00:19] Total 700 files processed
[INFO]-[2018/03/21 15:00:19] Total 750 files processed
[INFO]-[2018/03/21 15:00:19] Total 800 files processed
[INFO]-[2018/03/21 15:00:19] Total 850 files processed
[INFO]-[2018/03/21 15:00:19] Total 900 files processed
[INFO]-[2018/03/21 15:00:19] Total 950 files processed
[INFO]-[2018/03/21 15:00:19] Total 1000 files processed
[INFO]-[2018/03/21 15:00:19] Total 1050 files processed
[INFO]-[2018/03/21 15:00:19] Skipping file by rule: /Users/rajatamatya/dev/website/legends/wp-content/uploads/wp-staging/logs/stagingnxt.log
[INFO]-[2018/03/21 15:00:19] Trying to copy big file: /Users/rajatamatya/dev/website/legends/wp-content/updraft/backup_2018-03-21-1420_Legends_Of_Tomorrow_af44991e88a8-themes.zip -> /Users/rajatamatya/dev/website/legends/stagingnxt/wp-content/updraft/backup_2018-03-21-1420_Legends_Of_Tomorrow_af44991e88a8-themes.zip
[INFO]-[2018/03/21 15:00:20] Skipping big file: /Users/rajatamatya/dev/website/legends/wp-content/updraft/backup_2018-03-21-1420_Legends_Of_Tomorrow_af44991e88a8-plugins.zip
[INFO]-[2018/03/21 15:00:20] Skipping file by rule: /Users/rajatamatya/dev/website/legends/wp-content/updraft/.htaccess
[INFO]-[2018/03/21 15:00:20] Skipping file by rule: /Users/rajatamatya/dev/website/legends/wp-content/backupwordpress-7e1ae1dc27-backups/.htaccess
[INFO]-[2018/03/21 15:00:20] Skipping big file: /Users/rajatamatya/dev/website/legends/wp-content/ai1wm-backups/localhost-legends-20180321-140928-773.wpress
[INFO]-[2018/03/21 15:00:20] Skipping file by rule: /Users/rajatamatya/dev/website/legends/wp-content/ai1wm-backups/.htaccess
[INFO]-[2018/03/21 15:00:20] Total 1100 files processed
[INFO]-[2018/03/21 15:00:20] Total 1150 files processed
[INFO]-[2018/03/21 15:00:20] Total 1200 files processed
[INFO]-[2018/03/21 15:00:20] Total 1250 files processed
[INFO]-[2018/03/21 15:00:20] Total 1300 files processed
[INFO]-[2018/03/21 15:00:20] Total 1350 files processed
[INFO]-[2018/03/21 15:00:20] Total 1400 files processed
[INFO]-[2018/03/21 15:00:20] Total 1450 files processed
[INFO]-[2018/03/21 15:00:20] Total 1500 files processed
[INFO]-[2018/03/21 15:00:20] Total 1550 files processed
[INFO]-[2018/03/21 15:00:21] Total 1600 files processed
[INFO]-[2018/03/21 15:00:21] Total 1650 files processed
[INFO]-[2018/03/21 15:00:21] Total 1700 files processed
[INFO]-[2018/03/21 15:00:21] Total 1750 files processed
[INFO]-[2018/03/21 15:00:21] Total 1800 files processed
[INFO]-[2018/03/21 15:00:21] Total 1850 files processed
[INFO]-[2018/03/21 15:00:22] Total 1900 files processed
[INFO]-[2018/03/21 15:00:22] Total 1950 files processed
[INFO]-[2018/03/21 15:00:22] Total 2000 files processed
[INFO]-[2018/03/21 15:00:22] Total 2050 files processed
[INFO]-[2018/03/21 15:00:22] Total 2100 files processed
[INFO]-[2018/03/21 15:00:22] Total 2150 files processed
[INFO]-[2018/03/21 15:00:22] Total 2200 files processed
[INFO]-[2018/03/21 15:00:22] Total 2250 files processed
[INFO]-[2018/03/21 15:00:22] Total 2300 files processed
[INFO]-[2018/03/21 15:00:23] Total 2350 files processed
[INFO]-[2018/03/21 15:00:23] Total 2400 files processed
[INFO]-[2018/03/21 15:00:23] Total 2450 files processed
[INFO]-[2018/03/21 15:00:23] Total 2500 files processed
[INFO]-[2018/03/21 15:00:23] Total 2550 files processed
[INFO]-[2018/03/21 15:00:23] Total 2600 files processed
[INFO]-[2018/03/21 15:00:23] Total 2650 files processed
[INFO]-[2018/03/21 15:00:23] Total 2700 files processed
[INFO]-[2018/03/21 15:00:23] Total 2750 files processed
[INFO]-[2018/03/21 15:00:25] Copying files finished
[INFO]-[2018/03/21 15:00:25] Copying files finished
[INFO]-[2018/03/21 15:00:27] Search & Replace: Updating siteurl and homeurl in wpstg0_options 
[INFO]-[2018/03/21 15:00:27] Search & Replace:: Updating siteurl and homeurl to http://localhost:8888/legends/stagingnxt
[INFO]-[2018/03/21 15:00:27] Search & Replace: Updating row wpstg_is_staging_site in wpstg0_options 
[INFO]-[2018/03/21 15:00:27] Search & Replace: Updating rewrite_rules in wpstg0_options 
[INFO]-[2018/03/21 15:00:27] Search & Replace: Updating wpstg0_usermeta db prefix 
[INFO]-[2018/03/21 15:00:27] Updating wpstg0_options, option_name database table prefixes; 
[INFO]-[2018/03/21 15:00:27] Search & Replace: Updating table_prefix in /Users/rajatamatya/dev/website/legends/stagingnxt/wp-config.php to wpstg0_
[INFO]-[2018/03/21 15:00:27] Search & Replace: Updating siteurl and homeurl in wpstg0_options 
[INFO]-[2018/03/21 15:00:27] Search & Replace:: Updating siteurl and homeurl to http://localhost:8888/legends/stagingnxt
[INFO]-[2018/03/21 15:00:27] Search & Replace: Updating row wpstg_is_staging_site in wpstg0_options 
[INFO]-[2018/03/21 15:00:27] Search & Replace: Updating rewrite_rules in wpstg0_options 
[INFO]-[2018/03/21 15:00:27] Search & Replace: Updating wpstg0_usermeta db prefix 
[INFO]-[2018/03/21 15:00:27] Updating wpstg0_options, option_name database table prefixes; 
[INFO]-[2018/03/21 15:00:27] Search & Replace: Updating table_prefix in /Users/rajatamatya/dev/website/legends/stagingnxt/wp-config.php to wpstg0_
[]-[] 
[]-[] 
[INFO]-[2018/03/21 15:00:28] Finish: Deleting clone job's cache files...
[INFO]-[2018/03/21 15:00:28] Finish: Clone job's cache files have been deleted!
[INFO]-[2018/03/21 15:00:28] Finish: Verifying existing clones...
[INFO]-[2018/03/21 15:00:28] Finish: stagingnxt's clone job's data is not in database, generating data
[INFO]-[2018/03/21 15:00:28] Finish: Deleting clone job's cache files...
[INFO]-[2018/03/21 15:00:28] Finish: Clone job's cache files have been deleted!
[INFO]-[2018/03/21 15:00:28] Finish: Verifying existing clones...
[INFO]-[2018/03/21 15:00:28] Finish: stagingnxt's clone job's data is not in database, generating data
